Using pre-set license
Built from '2021.3/staging' branch; Version is '2021.3.9f1 (ad3870b89536) revision 11352176'; Using compiler version '192829333'; Build Type 'Release'
OS: 'Windows 11  (10.0.22621) 64bit Core' Language: 'en' Physical Memory: 32690 MB
BatchMode: 1, IsHumanControllingUs: 0, StartBugReporterOnCrash: 0, Is64bit: 1, IsPro: 1

COMMAND LINE ARGUMENTS:
C:\Program Files\Unity\Hub\Editor\2021.3.9f1\Editor\Unity.exe
-adb2
-batchMode
-noUpm
-name
AssetImportWorker4
-projectPath
C:/Users/kinou/OneDrive/Documents/GitHub/RRGA-AR-Drone
-logFile
Logs/AssetImportWorker4.log
-srvPort
8018
Successfully changed project path to: C:/Users/kinou/OneDrive/Documents/GitHub/RRGA-AR-Drone
C:/Users/kinou/OneDrive/Documents/GitHub/RRGA-AR-Drone
[UnityMemory] Configuration Parameters - Can be set up in boot.config
    "memorysetup-bucket-allocator-granularity=16"
    "memorysetup-bucket-allocator-bucket-count=8"
    "memorysetup-bucket-allocator-block-size=33554432"
    "memorysetup-bucket-allocator-block-count=8"
    "memorysetup-main-allocator-block-size=16777216"
    "memorysetup-thread-allocator-block-size=16777216"
    "memorysetup-gfx-main-allocator-block-size=16777216"
    "memorysetup-gfx-thread-allocator-block-size=16777216"
    "memorysetup-cache-allocator-block-size=4194304"
    "memorysetup-typetree-allocator-block-size=2097152"
    "memorysetup-profiler-bucket-allocator-granularity=16"
    "memorysetup-profiler-bucket-allocator-bucket-count=8"
    "memorysetup-profiler-bucket-allocator-block-size=33554432"
    "memorysetup-profiler-bucket-allocator-block-count=8"
    "memorysetup-profiler-allocator-block-size=16777216"
    "memorysetup-profiler-editor-allocator-block-size=1048576"
    "memorysetup-temp-allocator-size-main=16777216"
    "memorysetup-job-temp-allocator-block-size=2097152"
    "memorysetup-job-temp-allocator-block-size-background=1048576"
    "memorysetup-job-temp-allocator-reduction-small-platforms=262144"
    "memorysetup-temp-allocator-size-background-worker=32768"
    "memorysetup-temp-allocator-size-job-worker=262144"
    "memorysetup-temp-allocator-size-preload-manager=33554432"
    "memorysetup-temp-allocator-size-nav-mesh-worker=65536"
    "memorysetup-temp-allocator-size-audio-worker=65536"
    "memorysetup-temp-allocator-size-cloud-worker=32768"
    "memorysetup-temp-allocator-size-gi-baking-worker=262144"
    "memorysetup-temp-allocator-size-gfx=262144"
Refreshing native plugins compatible for Editor in 96.19 ms, found 13 plugins.
Preloading 2 native plugins for Editor in 3.84 ms.
Initialize engine version: 2021.3.9f1 (ad3870b89536)
[Subsystems] Discovering subsystems at path C:/Program Files/Unity/Hub/Editor/2021.3.9f1/Editor/Data/Resources/UnitySubsystems
[Subsystems] Discovering subsystems at path C:/Users/kinou/OneDrive/Documents/GitHub/RRGA-AR-Drone/Assets
GfxDevice: creating device client; threaded=0; jobified=0
Direct3D:
    Version:  Direct3D 11.0 [level 11.1]
    Renderer: NVIDIA GeForce RTX 3080 Ti (ID=0x2208)
    Vendor:   NVIDIA
    VRAM:     12100 MB
    Driver:   31.0.15.4617
Initialize mono
Mono path[0] = 'C:/Program Files/Unity/Hub/Editor/2021.3.9f1/Editor/Data/Managed'
Mono path[1] = 'C:/Program Files/Unity/Hub/Editor/2021.3.9f1/Editor/Data/MonoBleedingEdge/lib/mono/unityjit-win32'
Mono config path = 'C:/Program Files/Unity/Hub/Editor/2021.3.9f1/Editor/Data/MonoBleedingEdge/etc'
Using monoOptions --debugger-agent=transport=dt_socket,embedding=1,server=y,suspend=n,address=127.0.0.1:56308
Begin MonoManager ReloadAssembly
Registering precompiled unity dll's ...
Register platform support module: C:/Program Files/Unity/Hub/Editor/2021.3.9f1/Editor/Data/PlaybackEngines/WindowsStandaloneSupport/UnityEditor.WindowsStandalone.Extensions.dll
Registered in 0.015329 seconds.
Native extension for WindowsStandalone target not found
Refreshing native plugins compatible for Editor in 57.34 ms, found 13 plugins.
Preloading 2 native plugins for Editor in 0.20 ms.
Mono: successfully reloaded assembly
- Completed reload, in  0.590 seconds
Domain Reload Profiling:
	ReloadAssembly (591ms)
		BeginReloadAssembly (94ms)
			ExecutionOrderSort (0ms)
			DisableScriptedObjects (0ms)
			BackupInstance (0ms)
			ReleaseScriptingObjects (0ms)
			CreateAndSetChildDomain (1ms)
		EndReloadAssembly (385ms)
			LoadAssemblies (90ms)
			RebuildTransferFunctionScriptingTraits (0ms)
			SetupTypeCache (78ms)
			ReleaseScriptCaches (0ms)
			RebuildScriptCaches (20ms)
			SetupLoadedEditorAssemblies (229ms)
				LogAssemblyErrors (0ms)
				InitializePlatformSupportModulesInManaged (9ms)
				SetLoadedEditorAssemblies (0ms)
				RefreshPlugins (58ms)
				BeforeProcessingInitializeOnLoad (1ms)
				ProcessInitializeOnLoadAttributes (117ms)
				ProcessInitializeOnLoadMethodAttributes (44ms)
				AfterProcessingInitializeOnLoad (0ms)
				EditorAssembliesLoaded (0ms)
			ExecutionOrderSort2 (0ms)
			AwakeInstancesAfterBackupRestoration (0ms)
Platform modules already initialized, skipping
Registering precompiled user dll's ...
Registered in 0.026589 seconds.
Begin MonoManager ReloadAssembly
Native extension for WindowsStandalone target not found
Refreshing native plugins compatible for Editor in 0.77 ms, found 13 plugins.
Preloading 2 native plugins for Editor in 0.22 ms.
Mono: successfully reloaded assembly
- Completed reload, in  1.005 seconds
Domain Reload Profiling:
	ReloadAssembly (1006ms)
		BeginReloadAssembly (124ms)
			ExecutionOrderSort (0ms)
			DisableScriptedObjects (4ms)
			BackupInstance (0ms)
			ReleaseScriptingObjects (0ms)
			CreateAndSetChildDomain (19ms)
		EndReloadAssembly (780ms)
			LoadAssemblies (127ms)
			RebuildTransferFunctionScriptingTraits (0ms)
			SetupTypeCache (161ms)
			ReleaseScriptCaches (0ms)
			RebuildScriptCaches (35ms)
			SetupLoadedEditorAssemblies (437ms)
				LogAssemblyErrors (0ms)
				InitializePlatformSupportModulesInManaged (13ms)
				SetLoadedEditorAssemblies (0ms)
				RefreshPlugins (1ms)
				BeforeProcessingInitializeOnLoad (90ms)
				ProcessInitializeOnLoadAttributes (211ms)
				ProcessInitializeOnLoadMethodAttributes (103ms)
				AfterProcessingInitializeOnLoad (18ms)
				EditorAssembliesLoaded (0ms)
			ExecutionOrderSort2 (0ms)
			AwakeInstancesAfterBackupRestoration (7ms)
Platform modules already initialized, skipping
========================================================================
Worker process is ready to serve import requests
Launched and connected shader compiler UnityShaderCompiler.exe after 0.05 seconds
Refreshing native plugins compatible for Editor in 0.75 ms, found 13 plugins.
Preloading 2 native plugins for Editor in 0.18 ms.
Unloading 2487 Unused Serialized files (Serialized files now loaded: 0)
Unloading 84 unused Assets / (67.2 KB). Loaded Objects now: 3219.
Memory consumption went from 103.1 MB to 103.0 MB.
Total: 5.804300 ms (FindLiveObjects: 0.222800 ms CreateObjectMapping: 0.098900 ms MarkObjects: 5.410100 ms  DeleteObjects: 0.072000 ms)

AssetImportParameters requested are different than current active one (requested -> active):
  custom:video-decoder-ogg-theora: a1e56fd34408186e4bbccfd4996cb3dc -> 
  custom:container-muxer-webm: aa71ff27fc2769a1b78a27578f13a17b -> 
  custom:container-demuxer-webm: 4f35f7cbe854078d1ac9338744f61a02 -> 
  custom:video-encoder-webm-vp8: eb34c28f22e8b96e1ab97ce403110664 -> 
  custom:audio-encoder-webm-vorbis: bf7c407c2cedff20999df2af8eb42d56 -> 
  custom:framework-win-MediaFoundation: 216162199b28c13a410421893ffa2e32 -> 
  custom:container-demuxer-ogg: 62fdf1f143b41e24485cea50d1cbac27 -> 
  custom:video-decoder-webm-vp8: 9c59270c3fd7afecdb556c50c9e8de78 -> 
  custom:audio-decoder-ogg-vorbis: bf7c407c2cedff20999df2af8eb42d56 -> 
========================================================================
Received Import Request.
  Time since last request: 831997.463177 seconds.
  path: Assets/RRGA/Prefabs/numberStone
  artifactKey: Guid(0855ac9982aea344c95bb29a0211f478) Importer(815301076,1909f56bfc062723c751e8b465ee728b)
Start importing Assets/RRGA/Prefabs/numberStone using Guid(0855ac9982aea344c95bb29a0211f478) Importer(815301076,1909f56bfc062723c751e8b465ee728b)  -> (artifact id: 'e14f0e433de5158cd912b06f5b3da876') in 0.009255 seconds 
========================================================================
Received Import Request.
  Time since last request: 0.850798 seconds.
  path: Assets/RRGA/Prefabs/numberStone/NumberStone1.prefab
  artifactKey: Guid(d280826b2947efc4181f078cd7302753) Importer(815301076,1909f56bfc062723c751e8b465ee728b)
Start importing Assets/RRGA/Prefabs/numberStone/NumberStone1.prefab using Guid(d280826b2947efc4181f078cd7302753) Importer(815301076,1909f56bfc062723c751e8b465ee728b)  -> (artifact id: '7e3f84f80fbded789ba326390e7e358f') in 0.130981 seconds 
========================================================================
Received Import Request.
  Time since last request: 0.000017 seconds.
  path: Assets/RRGA/Prefabs/numberStone/NumberStone3.prefab
  artifactKey: Guid(56eef2ae357abd745b67aebfae73fdda) Importer(815301076,1909f56bfc062723c751e8b465ee728b)
Start importing Assets/RRGA/Prefabs/numberStone/NumberStone3.prefab using Guid(56eef2ae357abd745b67aebfae73fdda) Importer(815301076,1909f56bfc062723c751e8b465ee728b)  -> (artifact id: 'c6c0e0f93d3615e85ade852f678ccacc') in 0.027237 seconds 
========================================================================
Received Import Request.
  Time since last request: 217.674438 seconds.
  path: Assets/RRGA/Prefabs/palm
  artifactKey: Guid(78e1091cd1bf13d4ab5b23dd42caeb09) Importer(815301076,1909f56bfc062723c751e8b465ee728b)
Start importing Assets/RRGA/Prefabs/palm using Guid(78e1091cd1bf13d4ab5b23dd42caeb09) Importer(815301076,1909f56bfc062723c751e8b465ee728b)  -> (artifact id: '5d4fc210f130972f25a6b0835c4f70d0') in 0.002956 seconds 
========================================================================
Received Import Request.
  Time since last request: 0.021481 seconds.
  path: Assets/RRGA/Prefabs/palm/Leaves_BaseColor.tga
  artifactKey: Guid(1df98026548d1b64c8fa278c26616e0e) Importer(815301076,1909f56bfc062723c751e8b465ee728b)
Start importing Assets/RRGA/Prefabs/palm/Leaves_BaseColor.tga using Guid(1df98026548d1b64c8fa278c26616e0e) Importer(815301076,1909f56bfc062723c751e8b465ee728b)  -> (artifact id: 'e91428cc508f7efe54f20b07da4d0d2a') in 0.023666 seconds 
========================================================================
Received Import Request.
  Time since last request: 0.005753 seconds.
  path: Assets/RRGA/Prefabs/palm/m_palmbody.mat
  artifactKey: Guid(26504c9fc8d4dd84097e4285675580fd) Importer(815301076,1909f56bfc062723c751e8b465ee728b)
Start importing Assets/RRGA/Prefabs/palm/m_palmbody.mat using Guid(26504c9fc8d4dd84097e4285675580fd) Importer(815301076,1909f56bfc062723c751e8b465ee728b)  -> (artifact id: '2b4381ce03e64287a1d2bec2541d74e6') in 0.054778 seconds 
========================================================================
Received Import Request.
  Time since last request: 0.000016 seconds.
  path: Assets/RRGA/Prefabs/palm/palm.fbx
  artifactKey: Guid(b192a708b310a4f4db5fe619f8bbcdf4) Importer(815301076,1909f56bfc062723c751e8b465ee728b)
Start importing Assets/RRGA/Prefabs/palm/palm.fbx using Guid(b192a708b310a4f4db5fe619f8bbcdf4) Importer(815301076,1909f56bfc062723c751e8b465ee728b)  -> (artifact id: '9ad275f260f426c3572076b5b785f3a7') in 0.043467 seconds 
Editor requested this worker to shutdown with reason: Scaling down because of idle timeout
AssetImportWorker is now disconnected from the server
Process exiting
Exiting without the bug reporter. Application will terminate with return code 0