Using pre-set license
Built from '2021.3/staging' branch; Version is '2021.3.9f1 (ad3870b89536) revision 11352176'; Using compiler version '192829333'; Build Type 'Release'
OS: 'Windows 11  (10.0.22621) 64bit Core' Language: 'en' Physical Memory: 32690 MB
BatchMode: 1, IsHumanControllingUs: 0, StartBugReporterOnCrash: 0, Is64bit: 1, IsPro: 1

COMMAND LINE ARGUMENTS:
C:\Program Files\Unity\Hub\Editor\2021.3.9f1\Editor\Unity.exe
-adb2
-batchMode
-noUpm
-name
AssetImportWorker6
-projectPath
C:/Users/kinou/OneDrive/Documents/GitHub/RRGA-AR-Drone
-logFile
Logs/AssetImportWorker6.log
-srvPort
8018
Successfully changed project path to: C:/Users/kinou/OneDrive/Documents/GitHub/RRGA-AR-Drone
C:/Users/kinou/OneDrive/Documents/GitHub/RRGA-AR-Drone
[UnityMemory] Configuration Parameters - Can be set up in boot.config
    "memorysetup-bucket-allocator-granularity=16"
    "memorysetup-bucket-allocator-bucket-count=8"
    "memorysetup-bucket-allocator-block-size=33554432"
    "memorysetup-bucket-allocator-block-count=8"
    "memorysetup-main-allocator-block-size=16777216"
    "memorysetup-thread-allocator-block-size=16777216"
    "memorysetup-gfx-main-allocator-block-size=16777216"
    "memorysetup-gfx-thread-allocator-block-size=16777216"
    "memorysetup-cache-allocator-block-size=4194304"
    "memorysetup-typetree-allocator-block-size=2097152"
    "memorysetup-profiler-bucket-allocator-granularity=16"
    "memorysetup-profiler-bucket-allocator-bucket-count=8"
    "memorysetup-profiler-bucket-allocator-block-size=33554432"
    "memorysetup-profiler-bucket-allocator-block-count=8"
    "memorysetup-profiler-allocator-block-size=16777216"
    "memorysetup-profiler-editor-allocator-block-size=1048576"
    "memorysetup-temp-allocator-size-main=16777216"
    "memorysetup-job-temp-allocator-block-size=2097152"
    "memorysetup-job-temp-allocator-block-size-background=1048576"
    "memorysetup-job-temp-allocator-reduction-small-platforms=262144"
    "memorysetup-temp-allocator-size-background-worker=32768"
    "memorysetup-temp-allocator-size-job-worker=262144"
    "memorysetup-temp-allocator-size-preload-manager=33554432"
    "memorysetup-temp-allocator-size-nav-mesh-worker=65536"
    "memorysetup-temp-allocator-size-audio-worker=65536"
    "memorysetup-temp-allocator-size-cloud-worker=32768"
    "memorysetup-temp-allocator-size-gi-baking-worker=262144"
    "memorysetup-temp-allocator-size-gfx=262144"
Refreshing native plugins compatible for Editor in 94.31 ms, found 13 plugins.
Preloading 2 native plugins for Editor in 3.97 ms.
Initialize engine version: 2021.3.9f1 (ad3870b89536)
[Subsystems] Discovering subsystems at path C:/Program Files/Unity/Hub/Editor/2021.3.9f1/Editor/Data/Resources/UnitySubsystems
[Subsystems] Discovering subsystems at path C:/Users/kinou/OneDrive/Documents/GitHub/RRGA-AR-Drone/Assets
GfxDevice: creating device client; threaded=0; jobified=0
Direct3D:
    Version:  Direct3D 11.0 [level 11.1]
    Renderer: NVIDIA GeForce RTX 3080 Ti (ID=0x2208)
    Vendor:   NVIDIA
    VRAM:     12100 MB
    Driver:   31.0.15.4617
Initialize mono
Mono path[0] = 'C:/Program Files/Unity/Hub/Editor/2021.3.9f1/Editor/Data/Managed'
Mono path[1] = 'C:/Program Files/Unity/Hub/Editor/2021.3.9f1/Editor/Data/MonoBleedingEdge/lib/mono/unityjit-win32'
Mono config path = 'C:/Program Files/Unity/Hub/Editor/2021.3.9f1/Editor/Data/MonoBleedingEdge/etc'
Using monoOptions --debugger-agent=transport=dt_socket,embedding=1,server=y,suspend=n,address=127.0.0.1:56604
Begin MonoManager ReloadAssembly
Registering precompiled unity dll's ...
Register platform support module: C:/Program Files/Unity/Hub/Editor/2021.3.9f1/Editor/Data/PlaybackEngines/WindowsStandaloneSupport/UnityEditor.WindowsStandalone.Extensions.dll
Registered in 0.015181 seconds.
Native extension for WindowsStandalone target not found
Refreshing native plugins compatible for Editor in 54.81 ms, found 13 plugins.
Preloading 2 native plugins for Editor in 0.19 ms.
Mono: successfully reloaded assembly
- Completed reload, in  0.593 seconds
Domain Reload Profiling:
	ReloadAssembly (594ms)
		BeginReloadAssembly (100ms)
			ExecutionOrderSort (0ms)
			DisableScriptedObjects (0ms)
			BackupInstance (0ms)
			ReleaseScriptingObjects (0ms)
			CreateAndSetChildDomain (1ms)
		EndReloadAssembly (377ms)
			LoadAssemblies (94ms)
			RebuildTransferFunctionScriptingTraits (0ms)
			SetupTypeCache (85ms)
			ReleaseScriptCaches (0ms)
			RebuildScriptCaches (20ms)
			SetupLoadedEditorAssemblies (212ms)
				LogAssemblyErrors (0ms)
				InitializePlatformSupportModulesInManaged (9ms)
				SetLoadedEditorAssemblies (0ms)
				RefreshPlugins (55ms)
				BeforeProcessingInitializeOnLoad (1ms)
				ProcessInitializeOnLoadAttributes (111ms)
				ProcessInitializeOnLoadMethodAttributes (35ms)
				AfterProcessingInitializeOnLoad (0ms)
				EditorAssembliesLoaded (0ms)
			ExecutionOrderSort2 (0ms)
			AwakeInstancesAfterBackupRestoration (0ms)
Platform modules already initialized, skipping
Registering precompiled user dll's ...
Registered in 0.023337 seconds.
Begin MonoManager ReloadAssembly
Native extension for WindowsStandalone target not found
Refreshing native plugins compatible for Editor in 0.82 ms, found 13 plugins.
Preloading 2 native plugins for Editor in 0.18 ms.
Mono: successfully reloaded assembly
- Completed reload, in  0.959 seconds
Domain Reload Profiling:
	ReloadAssembly (959ms)
		BeginReloadAssembly (121ms)
			ExecutionOrderSort (0ms)
			DisableScriptedObjects (4ms)
			BackupInstance (0ms)
			ReleaseScriptingObjects (0ms)
			CreateAndSetChildDomain (19ms)
		EndReloadAssembly (739ms)
			LoadAssemblies (120ms)
			RebuildTransferFunctionScriptingTraits (0ms)
			SetupTypeCache (158ms)
			ReleaseScriptCaches (0ms)
			RebuildScriptCaches (36ms)
			SetupLoadedEditorAssemblies (407ms)
				LogAssemblyErrors (0ms)
				InitializePlatformSupportModulesInManaged (12ms)
				SetLoadedEditorAssemblies (0ms)
				RefreshPlugins (1ms)
				BeforeProcessingInitializeOnLoad (80ms)
				ProcessInitializeOnLoadAttributes (205ms)
				ProcessInitializeOnLoadMethodAttributes (93ms)
				AfterProcessingInitializeOnLoad (16ms)
				EditorAssembliesLoaded (0ms)
			ExecutionOrderSort2 (0ms)
			AwakeInstancesAfterBackupRestoration (6ms)
Platform modules already initialized, skipping
========================================================================
Worker process is ready to serve import requests
Launched and connected shader compiler UnityShaderCompiler.exe after 0.06 seconds
Refreshing native plugins compatible for Editor in 1.04 ms, found 13 plugins.
Preloading 2 native plugins for Editor in 0.25 ms.
Unloading 2487 Unused Serialized files (Serialized files now loaded: 0)
Unloading 84 unused Assets / (67.2 KB). Loaded Objects now: 3219.
Memory consumption went from 103.1 MB to 103.1 MB.
Total: 6.940700 ms (FindLiveObjects: 0.235700 ms CreateObjectMapping: 0.067900 ms MarkObjects: 6.507300 ms  DeleteObjects: 0.128700 ms)

AssetImportParameters requested are different than current active one (requested -> active):
  custom:video-decoder-ogg-theora: a1e56fd34408186e4bbccfd4996cb3dc -> 
  custom:container-muxer-webm: aa71ff27fc2769a1b78a27578f13a17b -> 
  custom:container-demuxer-webm: 4f35f7cbe854078d1ac9338744f61a02 -> 
  custom:video-encoder-webm-vp8: eb34c28f22e8b96e1ab97ce403110664 -> 
  custom:audio-encoder-webm-vorbis: bf7c407c2cedff20999df2af8eb42d56 -> 
  custom:framework-win-MediaFoundation: 216162199b28c13a410421893ffa2e32 -> 
  custom:container-demuxer-ogg: 62fdf1f143b41e24485cea50d1cbac27 -> 
  custom:video-decoder-webm-vp8: 9c59270c3fd7afecdb556c50c9e8de78 -> 
  custom:audio-decoder-ogg-vorbis: bf7c407c2cedff20999df2af8eb42d56 -> 
========================================================================
Received Import Request.
  Time since last request: 832383.111176 seconds.
  path: Assets/RRGA/Prefabs/Pillar
  artifactKey: Guid(31777fd925fe9324eafe41f0960306a1) Importer(815301076,1909f56bfc062723c751e8b465ee728b)
Start importing Assets/RRGA/Prefabs/Pillar using Guid(31777fd925fe9324eafe41f0960306a1) Importer(815301076,1909f56bfc062723c751e8b465ee728b)  -> (artifact id: 'e7ea7e410664e8d884b2a7308dae9baa') in 0.008901 seconds 
========================================================================
Received Import Request.
  Time since last request: 76.309992 seconds.
  path: Assets/Resources
  artifactKey: Guid(721dba8205a931e41aab97af87331b31) Importer(815301076,1909f56bfc062723c751e8b465ee728b)
Start importing Assets/Resources using Guid(721dba8205a931e41aab97af87331b31) Importer(815301076,1909f56bfc062723c751e8b465ee728b)  -> (artifact id: 'dc9738a564709ebc7d648553014e0e9d') in 0.003410 seconds 
========================================================================
Received Import Request.
  Time since last request: 0.063669 seconds.
  path: Assets/Resources/VuforiaConfiguration.asset
  artifactKey: Guid(05dd156c825703441852f488c1d72cde) Importer(815301076,1909f56bfc062723c751e8b465ee728b)
Start importing Assets/Resources/VuforiaConfiguration.asset using Guid(05dd156c825703441852f488c1d72cde) Importer(815301076,1909f56bfc062723c751e8b465ee728b)  -> (artifact id: '883f7a23ec68420ecceec0b6f2da009e') in 0.033953 seconds 
========================================================================
Received Prepare
Registering precompiled user dll's ...
Registered in 0.021164 seconds.
Begin MonoManager ReloadAssembly
Native extension for WindowsStandalone target not found
Refreshing native plugins compatible for Editor in 1.09 ms, found 13 plugins.
Preloading 2 native plugins for Editor in 0.22 ms.
Mono: successfully reloaded assembly
- Completed reload, in  1.058 seconds
Domain Reload Profiling:
	ReloadAssembly (1059ms)
		BeginReloadAssembly (161ms)
			ExecutionOrderSort (0ms)
			DisableScriptedObjects (6ms)
			BackupInstance (0ms)
			ReleaseScriptingObjects (0ms)
			CreateAndSetChildDomain (36ms)
		EndReloadAssembly (788ms)
			LoadAssemblies (140ms)
			RebuildTransferFunctionScriptingTraits (0ms)
			SetupTypeCache (164ms)
			ReleaseScriptCaches (1ms)
			RebuildScriptCaches (31ms)
			SetupLoadedEditorAssemblies (434ms)
				LogAssemblyErrors (0ms)
				InitializePlatformSupportModulesInManaged (14ms)
				SetLoadedEditorAssemblies (0ms)
				RefreshPlugins (1ms)
				BeforeProcessingInitializeOnLoad (83ms)
				ProcessInitializeOnLoadAttributes (214ms)
				ProcessInitializeOnLoadMethodAttributes (102ms)
				AfterProcessingInitializeOnLoad (19ms)
				EditorAssembliesLoaded (0ms)
			ExecutionOrderSort2 (0ms)
			AwakeInstancesAfterBackupRestoration (7ms)
Platform modules already initialized, skipping
Refreshing native plugins compatible for Editor in 20.17 ms, found 13 plugins.
Preloading 2 native plugins for Editor in 0.21 ms.
Unloading 2438 Unused Serialized files (Serialized files now loaded: 0)
Unloading 74 unused Assets / (60.6 KB). Loaded Objects now: 3223.
Memory consumption went from 98.7 MB to 98.6 MB.
Total: 6.677500 ms (FindLiveObjects: 0.215100 ms CreateObjectMapping: 0.055400 ms MarkObjects: 6.281100 ms  DeleteObjects: 0.124300 ms)

AssetImportParameters requested are different than current active one (requested -> active):
  custom:video-decoder-ogg-theora: a1e56fd34408186e4bbccfd4996cb3dc -> 
  custom:container-muxer-webm: aa71ff27fc2769a1b78a27578f13a17b -> 
  custom:container-demuxer-webm: 4f35f7cbe854078d1ac9338744f61a02 -> 
  custom:video-encoder-webm-vp8: eb34c28f22e8b96e1ab97ce403110664 -> 
  custom:audio-encoder-webm-vorbis: bf7c407c2cedff20999df2af8eb42d56 -> 
  custom:framework-win-MediaFoundation: 216162199b28c13a410421893ffa2e32 -> 
  custom:container-demuxer-ogg: 62fdf1f143b41e24485cea50d1cbac27 -> 
  custom:video-decoder-webm-vp8: 9c59270c3fd7afecdb556c50c9e8de78 -> 
  custom:audio-decoder-ogg-vorbis: bf7c407c2cedff20999df2af8eb42d56 -> 
========================================================================
Received Import Request.
  Time since last request: 48.941114 seconds.
  path: Assets/Art/Animation
  artifactKey: Guid(b197a39107f4e754fa8cbe77164d4e36) Importer(815301076,1909f56bfc062723c751e8b465ee728b)
Start importing Assets/Art/Animation using Guid(b197a39107f4e754fa8cbe77164d4e36) Importer(815301076,1909f56bfc062723c751e8b465ee728b)  -> (artifact id: '26955fecc15880e167f62b11cfaa02dd') in 0.007723 seconds 
========================================================================
Received Import Request.
  Time since last request: 0.090091 seconds.
  path: Assets/Art/Animation/monki_die.fbx
  artifactKey: Guid(9dc55defe5f92ae4b8fb3c273d70d01e) Importer(815301076,1909f56bfc062723c751e8b465ee728b)
Start importing Assets/Art/Animation/monki_die.fbx using Guid(9dc55defe5f92ae4b8fb3c273d70d01e) Importer(815301076,1909f56bfc062723c751e8b465ee728b)  -> (artifact id: 'edb4e7ac3be02f026eb46f0b81c7f744') in 0.151053 seconds 
========================================================================
Received Import Request.
  Time since last request: 0.000021 seconds.
  path: Assets/Art/Animation/monki_idle.fbx
  artifactKey: Guid(c9c665a26993cd442ad5e532f2513225) Importer(815301076,1909f56bfc062723c751e8b465ee728b)
Start importing Assets/Art/Animation/monki_idle.fbx using Guid(c9c665a26993cd442ad5e532f2513225) Importer(815301076,1909f56bfc062723c751e8b465ee728b)  -> (artifact id: '39873f9969c2258cd91258a21c4e36e7') in 0.025331 seconds 
========================================================================
Received Import Request.
  Time since last request: 0.000026 seconds.
  path: Assets/Art/Animation/monki_fly.fbx
  artifactKey: Guid(39405cbc69b6a9d40af45a24e28aafc6) Importer(815301076,1909f56bfc062723c751e8b465ee728b)
Start importing Assets/Art/Animation/monki_fly.fbx using Guid(39405cbc69b6a9d40af45a24e28aafc6) Importer(815301076,1909f56bfc062723c751e8b465ee728b)  -> (artifact id: 'c103894accc701ca9a0fc15361f3d7d5') in 0.032682 seconds 
========================================================================
Received Import Request.
  Time since last request: 0.000022 seconds.
  path: Assets/Art/Animation/monki_jump.fbx
  artifactKey: Guid(da123cff881ee404992d1d8dde5af8f3) Importer(815301076,1909f56bfc062723c751e8b465ee728b)
Start importing Assets/Art/Animation/monki_jump.fbx using Guid(da123cff881ee404992d1d8dde5af8f3) Importer(815301076,1909f56bfc062723c751e8b465ee728b)  -> (artifact id: 'c684c1278b636693df448a478b4e2baf') in 0.028090 seconds 
========================================================================
Received Import Request.
  Time since last request: 204.588051 seconds.
  path: Assets/RRGA/Materials/Gold.mat
  artifactKey: Guid(c261d2c8c50667e429a73265d40d8a13) Importer(815301076,1909f56bfc062723c751e8b465ee728b)
Start importing Assets/RRGA/Materials/Gold.mat using Guid(c261d2c8c50667e429a73265d40d8a13) Importer(815301076,1909f56bfc062723c751e8b465ee728b)  -> (artifact id: 'fbc016bf6644e859699f093aa5c5abfb') in 0.013643 seconds 
========================================================================
Received Import Request.
  Time since last request: 0.000019 seconds.
  path: Assets/RRGA/Materials/Green.mat
  artifactKey: Guid(f533716c9c9e7aa4cbe689ca90a0fee3) Importer(815301076,1909f56bfc062723c751e8b465ee728b)
Start importing Assets/RRGA/Materials/Green.mat using Guid(f533716c9c9e7aa4cbe689ca90a0fee3) Importer(815301076,1909f56bfc062723c751e8b465ee728b)  -> (artifact id: '1756877575b1fdbf2437c7c8d1afd46e') in 0.010559 seconds 
========================================================================
Received Import Request.
  Time since last request: 0.000023 seconds.
  path: Assets/RRGA/Materials/Red.mat
  artifactKey: Guid(fc6a22538a46c404b851c08d84b5d70e) Importer(815301076,1909f56bfc062723c751e8b465ee728b)
Start importing Assets/RRGA/Materials/Red.mat using Guid(fc6a22538a46c404b851c08d84b5d70e) Importer(815301076,1909f56bfc062723c751e8b465ee728b)  -> (artifact id: '81084a58b9c76a6444f5431eba99c902') in 0.010151 seconds 
