Using pre-set license
Built from '2021.3/staging' branch; Version is '2021.3.9f1 (ad3870b89536) revision 11352176'; Using compiler version '192829333'; Build Type 'Release'
OS: 'Windows 11  (10.0.22621) 64bit Core' Language: 'en' Physical Memory: 32690 MB
BatchMode: 1, IsHumanControllingUs: 0, StartBugReporterOnCrash: 0, Is64bit: 1, IsPro: 1

COMMAND LINE ARGUMENTS:
C:\Program Files\Unity\Hub\Editor\2021.3.9f1\Editor\Unity.exe
-adb2
-batchMode
-noUpm
-name
AssetImportWorker5
-projectPath
C:/Users/kinou/OneDrive/Documents/GitHub/RRGA-AR-Drone
-logFile
Logs/AssetImportWorker5.log
-srvPort
8018
Successfully changed project path to: C:/Users/kinou/OneDrive/Documents/GitHub/RRGA-AR-Drone
C:/Users/kinou/OneDrive/Documents/GitHub/RRGA-AR-Drone
[UnityMemory] Configuration Parameters - Can be set up in boot.config
    "memorysetup-bucket-allocator-granularity=16"
    "memorysetup-bucket-allocator-bucket-count=8"
    "memorysetup-bucket-allocator-block-size=33554432"
    "memorysetup-bucket-allocator-block-count=8"
    "memorysetup-main-allocator-block-size=16777216"
    "memorysetup-thread-allocator-block-size=16777216"
    "memorysetup-gfx-main-allocator-block-size=16777216"
    "memorysetup-gfx-thread-allocator-block-size=16777216"
    "memorysetup-cache-allocator-block-size=4194304"
    "memorysetup-typetree-allocator-block-size=2097152"
    "memorysetup-profiler-bucket-allocator-granularity=16"
    "memorysetup-profiler-bucket-allocator-bucket-count=8"
    "memorysetup-profiler-bucket-allocator-block-size=33554432"
    "memorysetup-profiler-bucket-allocator-block-count=8"
    "memorysetup-profiler-allocator-block-size=16777216"
    "memorysetup-profiler-editor-allocator-block-size=1048576"
    "memorysetup-temp-allocator-size-main=16777216"
    "memorysetup-job-temp-allocator-block-size=2097152"
    "memorysetup-job-temp-allocator-block-size-background=1048576"
    "memorysetup-job-temp-allocator-reduction-small-platforms=262144"
    "memorysetup-temp-allocator-size-background-worker=32768"
    "memorysetup-temp-allocator-size-job-worker=262144"
    "memorysetup-temp-allocator-size-preload-manager=33554432"
    "memorysetup-temp-allocator-size-nav-mesh-worker=65536"
    "memorysetup-temp-allocator-size-audio-worker=65536"
    "memorysetup-temp-allocator-size-cloud-worker=32768"
    "memorysetup-temp-allocator-size-gi-baking-worker=262144"
    "memorysetup-temp-allocator-size-gfx=262144"
Refreshing native plugins compatible for Editor in 95.73 ms, found 13 plugins.
Preloading 2 native plugins for Editor in 4.33 ms.
Initialize engine version: 2021.3.9f1 (ad3870b89536)
[Subsystems] Discovering subsystems at path C:/Program Files/Unity/Hub/Editor/2021.3.9f1/Editor/Data/Resources/UnitySubsystems
[Subsystems] Discovering subsystems at path C:/Users/kinou/OneDrive/Documents/GitHub/RRGA-AR-Drone/Assets
GfxDevice: creating device client; threaded=0; jobified=0
Direct3D:
    Version:  Direct3D 11.0 [level 11.1]
    Renderer: NVIDIA GeForce RTX 3080 Ti (ID=0x2208)
    Vendor:   NVIDIA
    VRAM:     12100 MB
    Driver:   31.0.15.4617
Initialize mono
Mono path[0] = 'C:/Program Files/Unity/Hub/Editor/2021.3.9f1/Editor/Data/Managed'
Mono path[1] = 'C:/Program Files/Unity/Hub/Editor/2021.3.9f1/Editor/Data/MonoBleedingEdge/lib/mono/unityjit-win32'
Mono config path = 'C:/Program Files/Unity/Hub/Editor/2021.3.9f1/Editor/Data/MonoBleedingEdge/etc'
Using monoOptions --debugger-agent=transport=dt_socket,embedding=1,server=y,suspend=n,address=127.0.0.1:56168
Begin MonoManager ReloadAssembly
Registering precompiled unity dll's ...
Register platform support module: C:/Program Files/Unity/Hub/Editor/2021.3.9f1/Editor/Data/PlaybackEngines/WindowsStandaloneSupport/UnityEditor.WindowsStandalone.Extensions.dll
Registered in 0.014909 seconds.
Native extension for WindowsStandalone target not found
Refreshing native plugins compatible for Editor in 56.23 ms, found 13 plugins.
Preloading 2 native plugins for Editor in 0.21 ms.
Mono: successfully reloaded assembly
- Completed reload, in  0.602 seconds
Domain Reload Profiling:
	ReloadAssembly (603ms)
		BeginReloadAssembly (91ms)
			ExecutionOrderSort (0ms)
			DisableScriptedObjects (0ms)
			BackupInstance (0ms)
			ReleaseScriptingObjects (0ms)
			CreateAndSetChildDomain (1ms)
		EndReloadAssembly (397ms)
			LoadAssemblies (87ms)
			RebuildTransferFunctionScriptingTraits (0ms)
			SetupTypeCache (87ms)
			ReleaseScriptCaches (0ms)
			RebuildScriptCaches (20ms)
			SetupLoadedEditorAssemblies (235ms)
				LogAssemblyErrors (0ms)
				InitializePlatformSupportModulesInManaged (9ms)
				SetLoadedEditorAssemblies (0ms)
				RefreshPlugins (57ms)
				BeforeProcessingInitializeOnLoad (1ms)
				ProcessInitializeOnLoadAttributes (122ms)
				ProcessInitializeOnLoadMethodAttributes (46ms)
				AfterProcessingInitializeOnLoad (0ms)
				EditorAssembliesLoaded (0ms)
			ExecutionOrderSort2 (0ms)
			AwakeInstancesAfterBackupRestoration (0ms)
Platform modules already initialized, skipping
Registering precompiled user dll's ...
Registered in 0.025416 seconds.
Begin MonoManager ReloadAssembly
Native extension for WindowsStandalone target not found
Refreshing native plugins compatible for Editor in 0.80 ms, found 13 plugins.
Preloading 2 native plugins for Editor in 0.23 ms.
Mono: successfully reloaded assembly
- Completed reload, in  0.992 seconds
Domain Reload Profiling:
	ReloadAssembly (993ms)
		BeginReloadAssembly (123ms)
			ExecutionOrderSort (0ms)
			DisableScriptedObjects (5ms)
			BackupInstance (0ms)
			ReleaseScriptingObjects (0ms)
			CreateAndSetChildDomain (19ms)
		EndReloadAssembly (774ms)
			LoadAssemblies (127ms)
			RebuildTransferFunctionScriptingTraits (0ms)
			SetupTypeCache (164ms)
			ReleaseScriptCaches (0ms)
			RebuildScriptCaches (36ms)
			SetupLoadedEditorAssemblies (426ms)
				LogAssemblyErrors (0ms)
				InitializePlatformSupportModulesInManaged (13ms)
				SetLoadedEditorAssemblies (0ms)
				RefreshPlugins (1ms)
				BeforeProcessingInitializeOnLoad (88ms)
				ProcessInitializeOnLoadAttributes (209ms)
				ProcessInitializeOnLoadMethodAttributes (96ms)
				AfterProcessingInitializeOnLoad (18ms)
				EditorAssembliesLoaded (0ms)
			ExecutionOrderSort2 (0ms)
			AwakeInstancesAfterBackupRestoration (7ms)
Platform modules already initialized, skipping
========================================================================
Worker process is ready to serve import requests
Launched and connected shader compiler UnityShaderCompiler.exe after 0.05 seconds
Refreshing native plugins compatible for Editor in 0.95 ms, found 13 plugins.
Preloading 2 native plugins for Editor in 0.22 ms.
Unloading 2487 Unused Serialized files (Serialized files now loaded: 0)
Unloading 84 unused Assets / (67.2 KB). Loaded Objects now: 3219.
Memory consumption went from 103.1 MB to 103.0 MB.
Total: 6.386400 ms (FindLiveObjects: 0.256600 ms CreateObjectMapping: 0.169000 ms MarkObjects: 5.875400 ms  DeleteObjects: 0.084600 ms)

AssetImportParameters requested are different than current active one (requested -> active):
  custom:video-decoder-ogg-theora: a1e56fd34408186e4bbccfd4996cb3dc -> 
  custom:container-muxer-webm: aa71ff27fc2769a1b78a27578f13a17b -> 
  custom:container-demuxer-webm: 4f35f7cbe854078d1ac9338744f61a02 -> 
  custom:video-encoder-webm-vp8: eb34c28f22e8b96e1ab97ce403110664 -> 
  custom:audio-encoder-webm-vorbis: bf7c407c2cedff20999df2af8eb42d56 -> 
  custom:framework-win-MediaFoundation: 216162199b28c13a410421893ffa2e32 -> 
  custom:container-demuxer-ogg: 62fdf1f143b41e24485cea50d1cbac27 -> 
  custom:video-decoder-webm-vp8: 9c59270c3fd7afecdb556c50c9e8de78 -> 
  custom:audio-decoder-ogg-vorbis: bf7c407c2cedff20999df2af8eb42d56 -> 
========================================================================
Received Import Request.
  Time since last request: 831998.327959 seconds.
  path: Assets/RRGA/Prefabs/numberStone/NumberStone2.prefab
  artifactKey: Guid(cf8b695149b83aa4591a1f9da3a1d2aa) Importer(815301076,1909f56bfc062723c751e8b465ee728b)
Start importing Assets/RRGA/Prefabs/numberStone/NumberStone2.prefab using Guid(cf8b695149b83aa4591a1f9da3a1d2aa) Importer(815301076,1909f56bfc062723c751e8b465ee728b)  -> (artifact id: 'b7833dea42169f94066e4045442298b4') in 0.131088 seconds 
========================================================================
Received Import Request.
  Time since last request: 217.732434 seconds.
  path: Assets/RRGA/Prefabs/palm/Leaves_Roughness.tga
  artifactKey: Guid(cee602e6a2b05864a8ea1251aa0c4769) Importer(815301076,1909f56bfc062723c751e8b465ee728b)
Start importing Assets/RRGA/Prefabs/palm/Leaves_Roughness.tga using Guid(cee602e6a2b05864a8ea1251aa0c4769) Importer(815301076,1909f56bfc062723c751e8b465ee728b)  -> (artifact id: '260c5528e94eb3472537c8f1610d1e4c') in 0.024391 seconds 
========================================================================
Received Import Request.
  Time since last request: 0.005325 seconds.
  path: Assets/RRGA/Prefabs/palm/palm_Roughness.tga
  artifactKey: Guid(429a744e92a44d147a492226be5e1938) Importer(815301076,1909f56bfc062723c751e8b465ee728b)
Start importing Assets/RRGA/Prefabs/palm/palm_Roughness.tga using Guid(429a744e92a44d147a492226be5e1938) Importer(815301076,1909f56bfc062723c751e8b465ee728b)  -> (artifact id: 'b055863d04119578fb28ef588720ee75') in 0.013163 seconds 
========================================================================
Received Import Request.
  Time since last request: 0.000018 seconds.
  path: Assets/RRGA/Prefabs/palm/palm_BaseColor.tga
  artifactKey: Guid(c51603472950a794f82b681eba3abb6b) Importer(815301076,1909f56bfc062723c751e8b465ee728b)
Start importing Assets/RRGA/Prefabs/palm/palm_BaseColor.tga using Guid(c51603472950a794f82b681eba3abb6b) Importer(815301076,1909f56bfc062723c751e8b465ee728b)  -> (artifact id: '31c5d589ef117c18c6440dd10e10207f') in 0.026931 seconds 
========================================================================
Received Import Request.
  Time since last request: 0.000020 seconds.
  path: Assets/RRGA/Prefabs/palm/m_palm.mat
  artifactKey: Guid(a2fd14d9a450360449d617de2fdae8f6) Importer(815301076,1909f56bfc062723c751e8b465ee728b)
Start importing Assets/RRGA/Prefabs/palm/m_palm.mat using Guid(a2fd14d9a450360449d617de2fdae8f6) Importer(815301076,1909f56bfc062723c751e8b465ee728b)  -> (artifact id: '8e071f8e906d47599a88a023352ec094') in 0.041825 seconds 
Editor requested this worker to shutdown with reason: Scaling down because of idle timeout
AssetImportWorker is now disconnected from the server
Process exiting
Exiting without the bug reporter. Application will terminate with return code 0